# JRE version: OpenJDK Runtime Environment (14.0.2+12) (build 14.0.2+12-46)
# Java VM: OpenJDK 64-Bit Server VM (14.0.2+12-46, mixed mode, tiered, compressed oops, g1 gc, windows-amd64)
Heap:
 garbage-first heap   total 61440K, used 44561K [0x0000000081400000, 0x0000000100000000)
  region size 1024K, 16 young (16384K), 2 survivors (2048K)
 Metaspace       used 66245K, capacity 67846K, committed 68044K, reserved 1107968K
  class space    used 8510K, capacity 9119K, committed 9216K, reserved 1048576K
GC Heap History (20 events):
Event: 12.996 GC heap before
{Heap before GC invocations=24 (full 0):
 garbage-first heap   total 61440K, used 50616K [0x0000000081400000, 0x0000000100000000)
  region size 1024K, 28 young (28672K), 3 survivors (3072K)
 Metaspace       used 54152K, capacity 55544K, committed 55756K, reserved 1097728K
  class space    used 6899K, capacity 7395K, committed 7424K, reserved 1048576K
}
Event: 13.001 GC heap after
{Heap after GC invocations=25 (full 0):
 garbage-first heap   total 61440K, used 25851K [0x0000000081400000, 0x0000000100000000)
  region size 1024K, 3 young (3072K), 3 survivors (3072K)
 Metaspace       used 54152K, capacity 55544K, committed 55756K, reserved 1097728K
  class space    used 6899K, capacity 7395K, committed 7424K, reserved 1048576K
}
Event: 13.187 GC heap before
{Heap before GC invocations=25 (full 0):
 garbage-first heap   total 61440K, used 50427K [0x0000000081400000, 0x0000000100000000)
  region size 1024K, 28 young (28672K), 3 survivors (3072K)
 Metaspace       used 55712K, capacity 57051K, committed 57292K, reserved 1099776K
  class space    used 7151K, capacity 7662K, committed 7680K, reserved 1048576K
}
Event: 13.191 GC heap after
{Heap after GC invocations=26 (full 0):
 garbage-first heap   total 61440K, used 26148K [0x0000000081400000, 0x0000000100000000)
  region size 1024K, 3 young (3072K), 3 survivors (3072K)
 Metaspace       used 55712K, capacity 57051K, committed 57292K, reserved 1099776K
  class space    used 7151K, capacity 7662K, committed 7680K, reserved 1048576K
}
Event: 13.317 GC heap before
{Heap before GC invocations=26 (full 0):
 garbage-first heap   total 61440K, used 50724K [0x0000000081400000, 0x0000000100000000)
  region size 1024K, 27 young (27648K), 3 survivors (3072K)
 Metaspace       used 57394K, capacity 58791K, committed 58828K, reserved 1099776K
  class space    used 7375K, capacity 7901K, committed 7936K, reserved 1048576K
}
Event: 13.321 GC heap after
{Heap after GC invocations=27 (full 0):
 garbage-first heap   total 61440K, used 27097K [0x0000000081400000, 0x0000000100000000)
  region size 1024K, 3 young (3072K), 3 survivors (3072K)
 Metaspace       used 57394K, capacity 58791K, committed 58828K, reserved 1099776K
  class space    used 7375K, capacity 7901K, committed 7936K, reserved 1048576K
}
Event: 13.458 GC heap before
{Heap before GC invocations=27 (full 0):
 garbage-first heap   total 61440K, used 48601K [0x0000000081400000, 0x0000000100000000)
  region size 1024K, 25 young (25600K), 3 survivors (3072K)
 Metaspace       used 58545K, capacity 60093K, committed 60288K, reserved 1101824K
  class space    used 7547K, capacity 8121K, committed 8192K, reserved 1048576K
}
Event: 13.462 GC heap after
{Heap after GC invocations=28 (full 0):
 garbage-first heap   total 61440K, used 27817K [0x0000000081400000, 0x0000000100000000)
  region size 1024K, 3 young (3072K), 3 survivors (3072K)
 Metaspace       used 58545K, capacity 60093K, committed 60288K, reserved 1101824K
  class space    used 7547K, capacity 8121K, committed 8192K, reserved 1048576K
}
Event: 23.258 GC heap before
{Heap before GC invocations=28 (full 0):
 garbage-first heap   total 61440K, used 28841K [0x0000000081400000, 0x0000000100000000)
  region size 1024K, 5 young (5120K), 3 survivors (3072K)
 Metaspace       used 58662K, capacity 60173K, committed 60288K, reserved 1101824K
  class space    used 7563K, capacity 8126K, committed 8192K, reserved 1048576K
}
Event: 23.266 GC heap after
{Heap after GC invocations=29 (full 0):
 garbage-first heap   total 61440K, used 27463K [0x0000000081400000, 0x0000000100000000)
  region size 1024K, 2 young (2048K), 2 survivors (2048K)
 Metaspace       used 58662K, capacity 60173K, committed 60288K, reserved 1101824K
  class space    used 7563K, capacity 8126K, committed 8192K, reserved 1048576K
}
Event: 23.438 GC heap before
{Heap before GC invocations=30 (full 0):
 garbage-first heap   total 61440K, used 51015K [0x0000000081400000, 0x0000000100000000)
  region size 1024K, 25 young (25600K), 2 survivors (2048K)
 Metaspace       used 60311K, capacity 61851K, committed 62156K, reserved 1103872K
  class space    used 7786K, capacity 8365K, committed 8448K, reserved 1048576K
}
Event: 23.442 GC heap after
{Heap after GC invocations=31 (full 0):
 garbage-first heap   total 61440K, used 28061K [0x0000000081400000, 0x0000000100000000)
  region size 1024K, 3 young (3072K), 3 survivors (3072K)
 Metaspace       used 60311K, capacity 61851K, committed 62156K, reserved 1103872K
  class space    used 7786K, capacity 8365K, committed 8448K, reserved 1048576K
}
Event: 25.455 GC heap before
{Heap before GC invocations=32 (full 0):
 garbage-first heap   total 61440K, used 49565K [0x0000000081400000, 0x0000000100000000)
  region size 1024K, 25 young (25600K), 3 survivors (3072K)
 Metaspace       used 61821K, capacity 63373K, committed 63564K, reserved 1103872K
  class space    used 7985K, capacity 8552K, committed 8576K, reserved 1048576K
}
Event: 25.458 GC heap after
{Heap after GC invocations=33 (full 0):
 garbage-first heap   total 61440K, used 28393K [0x0000000081400000, 0x0000000100000000)
  region size 1024K, 3 young (3072K), 3 survivors (3072K)
 Metaspace       used 61821K, capacity 63373K, committed 63564K, reserved 1103872K
  class space    used 7985K, capacity 8552K, committed 8576K, reserved 1048576K
}
Event: 25.631 GC heap before
{Heap before GC invocations=33 (full 0):
 garbage-first heap   total 61440K, used 48873K [0x0000000081400000, 0x0000000100000000)
  region size 1024K, 24 young (24576K), 3 survivors (3072K)
 Metaspace       used 63247K, capacity 64816K, committed 65100K, reserved 1105920K
  class space    used 8182K, capacity 8777K, committed 8832K, reserved 1048576K
}
Event: 25.636 GC heap after
{Heap after GC invocations=34 (full 0):
 garbage-first heap   total 61440K, used 30005K [0x0000000081400000, 0x0000000100000000)
  region size 1024K, 3 young (3072K), 3 survivors (3072K)
 Metaspace       used 63247K, capacity 64816K, committed 65100K, reserved 1105920K
  class space    used 8182K, capacity 8777K, committed 8832K, reserved 1048576K
}
Event: 33.831 GC heap before
{Heap before GC invocations=34 (full 0):
 garbage-first heap   total 61440K, used 49461K [0x0000000081400000, 0x0000000100000000)
  region size 1024K, 23 young (23552K), 3 survivors (3072K)
 Metaspace       used 64601K, capacity 66228K, committed 66252K, reserved 1105920K
  class space    used 8336K, capacity 8947K, committed 8960K, reserved 1048576K
}
Event: 33.839 GC heap after
{Heap after GC invocations=35 (full 0):
 garbage-first heap   total 61440K, used 31096K [0x0000000081400000, 0x0000000100000000)
  region size 1024K, 3 young (3072K), 3 survivors (3072K)
 Metaspace       used 64601K, capacity 66228K, committed 66252K, reserved 1105920K
  class space    used 8336K, capacity 8947K, committed 8960K, reserved 1048576K
}
Event: 34.043 GC heap before
{Heap before GC invocations=36 (full 0):
 garbage-first heap   total 61440K, used 49528K [0x0000000081400000, 0x0000000100000000)
  region size 1024K, 22 young (22528K), 3 survivors (3072K)
 Metaspace       used 65888K, capacity 67527K, committed 67660K, reserved 1107968K
  class space    used 8461K, capacity 9078K, committed 9088K, reserved 1048576K
}
Event: 34.046 GC heap after
{Heap after GC invocations=37 (full 0):
 garbage-first heap   total 61440K, used 31249K [0x0000000081400000, 0x0000000100000000)
  region size 1024K, 2 young (2048K), 2 survivors (2048K)
 Metaspace       used 65888K, capacity 67527K, committed 67660K, reserved 1107968K
  class space    used 8461K, capacity 9078K, committed 9088K, reserved 1048576K
}

